SF:lib/core/error/failure.dart
DA:2,8
DA:6,0
DA:7,0
DA:11,8
LF:4
LH:2
end_of_record
SF:lib/features/auth/data/datasources/auth_data_source.dart
DA:12,2
DA:14,0
DA:19,0
LF:3
LH:1
end_of_record
SF:lib/features/auth/data/models/user_model.dart
DA:4,5
LF:1
LH:1
end_of_record
SF:lib/features/auth/data/repositories/auth_repository_impl.dart
DA:8,1
DA:15,1
DA:18,2
DA:19,2
LF:4
LH:4
end_of_record
SF:lib/features/auth/domain/entities/user.dart
DA:2,8
LF:1
LH:1
end_of_record
SF:lib/features/auth/domain/usecases/login_user.dart
DA:5,2
DA:9,2
DA:10,4
LF:3
LH:3
end_of_record
SF:lib/features/auth/presentation/providers/auth_provider.dart
DA:11,4
DA:17,2
DA:24,2
DA:25,0
DA:26,0
DA:27,0
DA:33,2
DA:35,2
DA:39,2
DA:40,6
DA:43,4
DA:44,6
DA:45,2
DA:46,6
DA:48,2
DA:52,0
DA:62,0
DA:66,3
DA:67,0
DA:70,4
DA:71,3
DA:74,4
DA:77,3
LF:23
LH:17
end_of_record
SF:lib/features/auth/presentation/screens/login_screen.dart
DA:7,1
DA:9,1
DA:10,1
DA:17,1
DA:19,2
DA:20,2
DA:21,1
DA:24,1
DA:25,1
DA:26,3
DA:27,1
DA:28,3
DA:29,3
DA:33,1
DA:35,3
DA:37,1
DA:38,1
DA:39,1
DA:41,1
DA:44,1
DA:45,1
DA:47,1
DA:52,1
DA:54,1
DA:59,1
DA:61,2
DA:62,1
DA:71,1
DA:72,1
DA:73,3
DA:77,1
DA:78,1
DA:79,1
LF:33
LH:33
end_of_record
